{"/home/eric/Documents/WebstormProjects/react-template/src/components/Examples/Jest.tsx": {"path":"/home/eric/Documents/WebstormProjects/react-template/src/components/Examples/Jest.tsx","statementMap":{"0":{"start":{"line":1,"column":0},"end":{"line":1,"column":29}},"1":{"start":{"line":7,"column":20},"end":{"line":15,"column":1}},"2":{"start":{"line":8,"column":2},"end":{"line":8,"column":9}},"3":{"start":{"line":10,"column":2},"end":{"line":14,"column":3}},"4":{"start":{"line":17,"column":0},"end":{"line":17,"column":26}}},"fnMap":{"0":{"name":"(anonymous_0)","decl":{"start":{"line":7,"column":20},"end":{"line":7,"column":20}},"loc":{"start":{"line":9,"column":8},"end":{"line":15,"column":1}}}},"branchMap":{},"s":{"0":1,"1":1,"2":1,"3":1,"4":1},"f":{"0":1},"b":{}}
,"/home/eric/Documents/WebstormProjects/react-template/test/jest.setup.js": {"path":"/home/eric/Documents/WebstormProjects/react-template/test/jest.setup.js","statementMap":{"0":{"start":{"line":1,"column":13},"end":{"line":1,"column":30}},"1":{"start":{"line":2,"column":14},"end":{"line":2,"column":48}},"2":{"start":{"line":4,"column":0},"end":{"line":4,"column":44}}},"fnMap":{},"branchMap":{},"s":{"0":1,"1":1,"2":1},"f":{},"b":{},"_coverageSchema":"332fd63041d2c1bcb487cc26dd0d5f7d97098a6c","hash":"8633066baf05f2a2790cdc632a059922313dd1a2"}
}
